<?xml version="1.0" encoding="UTF-8"?>
<!-- Generated by org.testng.reporters.JUnitReportReporter -->
<testsuite skipped="0" hostname="Chanders-MacBook-Air.local" name="com.crm.testcases.HomePageTest" tests="5" failures="0" timestamp="14 Nov 2018 00:16:49 GMT" time="46.684" errors="0">
  <testcase name="dealspageTest" time="8.825" classname="com.crm.testcases.HomePageTest"/>
  <testcase name="taskspageTest" time="8.823" classname="com.crm.testcases.HomePageTest"/>
  <testcase name="contactspageTest" time="12.061" classname="com.crm.testcases.HomePageTest"/>
  <testcase name="verifyHomePagetitleTest" time="8.845" classname="com.crm.testcases.HomePageTest"/>
  <testcase name="usernamedisplayTest" time="8.130" classname="com.crm.testcases.HomePageTest"/>
</testsuite> <!-- com.crm.testcases.HomePageTest -->
