<?xml version="1.0" encoding="UTF-8"?>
<!-- Generated by org.testng.reporters.JUnitReportReporter -->
<testsuite skipped="0" hostname="Chanders-MacBook-Air.local" name="com.crm.testcases.ContactsPageTest" tests="2" failures="0" timestamp="13 Nov 2018 19:26:56 GMT" time="24.904" errors="0">
  <testcase name="checkContactslabelTest" time="12.977" classname="com.crm.testcases.ContactsPageTest"/>
  <testcase name="validateNewContacttest" time="11.927" classname="com.crm.testcases.ContactsPageTest"/>
</testsuite> <!-- com.crm.testcases.ContactsPageTest -->
